<?xml version="1.0" encoding="UTF-8"?>
<testsuite name="InvoiceServiceTest" tests="1" skipped="0" failures="0" errors="0" timestamp="2021-04-02T15:28:37" hostname="DESKTOP-GFV8CMG" time="0.019">
  <properties/>
  <testcase name="givenMultipleRides_ShouldReturnTotalFare()" classname="InvoiceServiceTest" time="0.019"/>
  <system-out><![CDATA[]]></system-out>
  <system-err><![CDATA[]]></system-err>
</testsuite>
